----------------------------------------------------------------
Sat Apr 29 07:55:00 CEST 2023:
Booting Derby version The Apache Software Foundation - Apache Derby - 10.14.2.0 - (1828579): instance a816c00e-0187-cb94-31c4-00000d50f118 
on database directory memory:C:\Users\user\Desktop\new pulls\94077866-da0f-423f-9f99-cfeeae88c346 with class loader sun.misc.Launcher$AppClassLoader@18b4aac2 
Loaded from file:/C:/Users/user/.m2/repository/org/apache/derby/derby/10.14.2.0/derby-10.14.2.0.jar
java.vendor=Oracle Corporation
java.runtime.version=1.8.0_202-b08
user.dir=C:\Users\user\Desktop\new pulls
os.name=Windows 10
os.arch=amd64
os.version=10.0
derby.system.home=null
Database Class Loader started - derby.database.classpath=''
----------------------------------------------------------------
Sat Apr 29 07:55:05 CEST 2023:
Booting Derby version The Apache Software Foundation - Apache Derby - 10.14.2.0 - (1828579): instance 4c1741d7-0187-cb94-31c4-00000d50f118 
on database directory memory:C:\Users\user\Desktop\new pulls\87c6d6a7-03f7-4aca-a18d-660f307e206e with class loader sun.misc.Launcher$AppClassLoader@18b4aac2 
Loaded from file:/C:/Users/user/.m2/repository/org/apache/derby/derby/10.14.2.0/derby-10.14.2.0.jar
java.vendor=Oracle Corporation
java.runtime.version=1.8.0_202-b08
user.dir=C:\Users\user\Desktop\new pulls
os.name=Windows 10
os.arch=amd64
os.version=10.0
derby.system.home=null
Database Class Loader started - derby.database.classpath=''
----------------------------------------------------------------
Sat Apr 29 07:55:08 CEST 2023:
Booting Derby version The Apache Software Foundation - Apache Derby - 10.14.2.0 - (1828579): instance 1c0c03a0-0187-cb94-31c4-00000d50f118 
on database directory memory:C:\Users\user\Desktop\new pulls\40819f76-2672-4b1c-82a0-28c900ccdff5 with class loader sun.misc.Launcher$AppClassLoader@18b4aac2 
Loaded from file:/C:/Users/user/.m2/repository/org/apache/derby/derby/10.14.2.0/derby-10.14.2.0.jar
java.vendor=Oracle Corporation
java.runtime.version=1.8.0_202-b08
user.dir=C:\Users\user\Desktop\new pulls
os.name=Windows 10
os.arch=amd64
os.version=10.0
derby.system.home=null
Database Class Loader started - derby.database.classpath=''
----------------------------------------------------------------
Sat Apr 29 07:55:12 CEST 2023:
Booting Derby version The Apache Software Foundation - Apache Derby - 10.14.2.0 - (1828579): instance a7f50569-0187-cb94-31c4-00000d50f118 
on database directory memory:C:\Users\user\Desktop\new pulls\f7941d23-ed2f-4fe4-9c0a-166b058b3ca3 with class loader sun.misc.Launcher$AppClassLoader@18b4aac2 
Loaded from file:/C:/Users/user/.m2/repository/org/apache/derby/derby/10.14.2.0/derby-10.14.2.0.jar
java.vendor=Oracle Corporation
java.runtime.version=1.8.0_202-b08
user.dir=C:\Users\user\Desktop\new pulls
os.name=Windows 10
os.arch=amd64
os.version=10.0
derby.system.home=null
Database Class Loader started - derby.database.classpath=''
----------------------------------------------------------------
Sat Apr 29 07:55:16 CEST 2023:
Booting Derby version The Apache Software Foundation - Apache Derby - 10.14.2.0 - (1828579): instance 7fd24732-0187-cb94-31c4-00000d50f118 
on database directory memory:C:\Users\user\Desktop\new pulls\db26f2ae-2b33-4da6-877d-ba3dbea873c5 with class loader sun.misc.Launcher$AppClassLoader@18b4aac2 
Loaded from file:/C:/Users/user/.m2/repository/org/apache/derby/derby/10.14.2.0/derby-10.14.2.0.jar
java.vendor=Oracle Corporation
java.runtime.version=1.8.0_202-b08
user.dir=C:\Users\user\Desktop\new pulls
os.name=Windows 10
os.arch=amd64
os.version=10.0
derby.system.home=null
Database Class Loader started - derby.database.classpath=''
----------------------------------------------------------------
Sat Apr 29 07:55:18 CEST 2023:
Booting Derby version The Apache Software Foundation - Apache Derby - 10.14.2.0 - (1828579): instance 33a3c8fb-0187-cb94-31c4-00000d50f118 
on database directory memory:C:\Users\user\Desktop\new pulls\3227203b-8b97-4f7c-b694-0d788b9b4377 with class loader sun.misc.Launcher$AppClassLoader@18b4aac2 
Loaded from file:/C:/Users/user/.m2/repository/org/apache/derby/derby/10.14.2.0/derby-10.14.2.0.jar
java.vendor=Oracle Corporation
java.runtime.version=1.8.0_202-b08
user.dir=C:\Users\user\Desktop\new pulls
os.name=Windows 10
os.arch=amd64
os.version=10.0
derby.system.home=null
Database Class Loader started - derby.database.classpath=''
----------------------------------------------------------------
Sat Apr 29 07:55:20 CEST 2023:
Booting Derby version The Apache Software Foundation - Apache Derby - 10.14.2.0 - (1828579): instance 53698ac4-0187-cb94-31c4-00000d50f118 
on database directory memory:C:\Users\user\Desktop\new pulls\862b5847-4f18-4ac0-aefa-77053219fe98 with class loader sun.misc.Launcher$AppClassLoader@18b4aac2 
Loaded from file:/C:/Users/user/.m2/repository/org/apache/derby/derby/10.14.2.0/derby-10.14.2.0.jar
java.vendor=Oracle Corporation
java.runtime.version=1.8.0_202-b08
user.dir=C:\Users\user\Desktop\new pulls
os.name=Windows 10
os.arch=amd64
os.version=10.0
derby.system.home=null
Database Class Loader started - derby.database.classpath=''
----------------------------------------------------------------
Sat Apr 29 07:55:23 CEST 2023:
Booting Derby version The Apache Software Foundation - Apache Derby - 10.14.2.0 - (1828579): instance 5baa8cbc-0187-cb94-31c4-00000d50f118 
on database directory memory:C:\Users\user\Desktop\new pulls\c7728eea-7051-40e8-a77b-fb30bd64593b with class loader sun.misc.Launcher$AppClassLoader@18b4aac2 
Loaded from file:/C:/Users/user/.m2/repository/org/apache/derby/derby/10.14.2.0/derby-10.14.2.0.jar
java.vendor=Oracle Corporation
java.runtime.version=1.8.0_202-b08
user.dir=C:\Users\user\Desktop\new pulls
os.name=Windows 10
os.arch=amd64
os.version=10.0
derby.system.home=null
Database Class Loader started - derby.database.classpath=''
----------------------------------------------------------------
Sat Apr 29 07:55:25 CEST 2023:
Booting Derby version The Apache Software Foundation - Apache Derby - 10.14.2.0 - (1828579): instance 2b3ace93-0187-cb94-31c4-00000d50f118 
on database directory memory:C:\Users\user\Desktop\new pulls\0aa80f3a-d4c3-4a65-b742-78d052338a54 with class loader sun.misc.Launcher$AppClassLoader@18b4aac2 
Loaded from file:/C:/Users/user/.m2/repository/org/apache/derby/derby/10.14.2.0/derby-10.14.2.0.jar
java.vendor=Oracle Corporation
java.runtime.version=1.8.0_202-b08
user.dir=C:\Users\user\Desktop\new pulls
os.name=Windows 10
os.arch=amd64
os.version=10.0
derby.system.home=null
Database Class Loader started - derby.database.classpath=''
----------------------------------------------------------------
Sat Apr 29 07:55:26 CEST 2023:
Booting Derby version The Apache Software Foundation - Apache Derby - 10.14.2.0 - (1828579): instance 8a16905c-0187-cb94-31c4-00000d50f118 
on database directory memory:C:\Users\user\Desktop\new pulls\e087ce5c-87ef-400e-bd7a-b31413669702 with class loader sun.misc.Launcher$AppClassLoader@18b4aac2 
Loaded from file:/C:/Users/user/.m2/repository/org/apache/derby/derby/10.14.2.0/derby-10.14.2.0.jar
java.vendor=Oracle Corporation
java.runtime.version=1.8.0_202-b08
user.dir=C:\Users\user\Desktop\new pulls
os.name=Windows 10
os.arch=amd64
os.version=10.0
derby.system.home=null
Database Class Loader started - derby.database.classpath=''
----------------------------------------------------------------
Sat Apr 29 07:55:28 CEST 2023:
Booting Derby version The Apache Software Foundation - Apache Derby - 10.14.2.0 - (1828579): instance 64e69225-0187-cb94-31c4-00000d50f118 
on database directory memory:C:\Users\user\Desktop\new pulls\7ca370f1-3ed3-4fb6-b021-03d56539aa02 with class loader sun.misc.Launcher$AppClassLoader@18b4aac2 
Loaded from file:/C:/Users/user/.m2/repository/org/apache/derby/derby/10.14.2.0/derby-10.14.2.0.jar
java.vendor=Oracle Corporation
java.runtime.version=1.8.0_202-b08
user.dir=C:\Users\user\Desktop\new pulls
os.name=Windows 10
os.arch=amd64
os.version=10.0
derby.system.home=null
Database Class Loader started - derby.database.classpath=''
----------------------------------------------------------------
Sat Apr 29 07:55:29 CEST 2023:
Booting Derby version The Apache Software Foundation - Apache Derby - 10.14.2.0 - (1828579): instance 4baad3ee-0187-cb94-31c4-00000d50f118 
on database directory memory:C:\Users\user\Desktop\new pulls\15cc838e-b6dc-4f3f-9b18-f59602e03ef7 with class loader sun.misc.Launcher$AppClassLoader@18b4aac2 
Loaded from file:/C:/Users/user/.m2/repository/org/apache/derby/derby/10.14.2.0/derby-10.14.2.0.jar
java.vendor=Oracle Corporation
java.runtime.version=1.8.0_202-b08
user.dir=C:\Users\user\Desktop\new pulls
os.name=Windows 10
os.arch=amd64
os.version=10.0
derby.system.home=null
Database Class Loader started - derby.database.classpath=''
----------------------------------------------------------------
Sat Apr 29 07:55:31 CEST 2023:
Booting Derby version The Apache Software Foundation - Apache Derby - 10.14.2.0 - (1828579): instance 260b95cd-0187-cb94-31c4-00000d50f118 
on database directory memory:C:\Users\user\Desktop\new pulls\9ef4334c-04d1-4acc-a021-7a27f54ed8a4 with class loader sun.misc.Launcher$AppClassLoader@18b4aac2 
Loaded from file:/C:/Users/user/.m2/repository/org/apache/derby/derby/10.14.2.0/derby-10.14.2.0.jar
java.vendor=Oracle Corporation
java.runtime.version=1.8.0_202-b08
user.dir=C:\Users\user\Desktop\new pulls
os.name=Windows 10
os.arch=amd64
os.version=10.0
derby.system.home=null
Database Class Loader started - derby.database.classpath=''
----------------------------------------------------------------
Sat Apr 29 07:55:33 CEST 2023:
Booting Derby version The Apache Software Foundation - Apache Derby - 10.14.2.0 - (1828579): instance 079117b8-0187-cb94-31c4-00000d50f118 
on database directory memory:C:\Users\user\Desktop\new pulls\aace9d4d-d30b-4c8e-a3e9-16f91be7cf8c with class loader sun.misc.Launcher$AppClassLoader@18b4aac2 
Loaded from file:/C:/Users/user/.m2/repository/org/apache/derby/derby/10.14.2.0/derby-10.14.2.0.jar
java.vendor=Oracle Corporation
java.runtime.version=1.8.0_202-b08
user.dir=C:\Users\user\Desktop\new pulls
os.name=Windows 10
os.arch=amd64
os.version=10.0
derby.system.home=null
Database Class Loader started - derby.database.classpath=''
----------------------------------------------------------------
Sat Apr 29 07:55:34 CEST 2023:
Booting Derby version The Apache Software Foundation - Apache Derby - 10.14.2.0 - (1828579): instance cb301981-0187-cb94-31c4-00000d50f118 
on database directory memory:C:\Users\user\Desktop\new pulls\4c7a6559-80a5-4808-a18c-9ce5f36405b5 with class loader sun.misc.Launcher$AppClassLoader@18b4aac2 
Loaded from file:/C:/Users/user/.m2/repository/org/apache/derby/derby/10.14.2.0/derby-10.14.2.0.jar
java.vendor=Oracle Corporation
java.runtime.version=1.8.0_202-b08
user.dir=C:\Users\user\Desktop\new pulls
os.name=Windows 10
os.arch=amd64
os.version=10.0
derby.system.home=null
Database Class Loader started - derby.database.classpath=''
----------------------------------------------------------------
Sat Apr 29 07:55:36 CEST 2023:
Booting Derby version The Apache Software Foundation - Apache Derby - 10.14.2.0 - (1828579): instance 5ac35b4a-0187-cb94-31c4-00000d50f118 
on database directory memory:C:\Users\user\Desktop\new pulls\213d4fcc-04d5-4b07-b863-f16a3118a9ed with class loader sun.misc.Launcher$AppClassLoader@18b4aac2 
Loaded from file:/C:/Users/user/.m2/repository/org/apache/derby/derby/10.14.2.0/derby-10.14.2.0.jar
java.vendor=Oracle Corporation
java.runtime.version=1.8.0_202-b08
user.dir=C:\Users\user\Desktop\new pulls
os.name=Windows 10
os.arch=amd64
os.version=10.0
derby.system.home=null
Database Class Loader started - derby.database.classpath=''
----------------------------------------------------------------
Sat Apr 29 07:55:38 CEST 2023:
Booting Derby version The Apache Software Foundation - Apache Derby - 10.14.2.0 - (1828579): instance 8c241d21-0187-cb94-31c4-00000d50f118 
on database directory memory:C:\Users\user\Desktop\new pulls\2c208bae-ada0-46b6-b615-f6236f356ec7 with class loader sun.misc.Launcher$AppClassLoader@18b4aac2 
Loaded from file:/C:/Users/user/.m2/repository/org/apache/derby/derby/10.14.2.0/derby-10.14.2.0.jar
java.vendor=Oracle Corporation
java.runtime.version=1.8.0_202-b08
user.dir=C:\Users\user\Desktop\new pulls
os.name=Windows 10
os.arch=amd64
os.version=10.0
derby.system.home=null
Database Class Loader started - derby.database.classpath=''
----------------------------------------------------------------
Sat Apr 29 07:55:39 CEST 2023:
Booting Derby version The Apache Software Foundation - Apache Derby - 10.14.2.0 - (1828579): instance b9df5eea-0187-cb94-31c4-00000d50f118 
on database directory memory:C:\Users\user\Desktop\new pulls\d8e53845-a5af-41fc-a8e4-c9fd32c2e138 with class loader sun.misc.Launcher$AppClassLoader@18b4aac2 
Loaded from file:/C:/Users/user/.m2/repository/org/apache/derby/derby/10.14.2.0/derby-10.14.2.0.jar
java.vendor=Oracle Corporation
java.runtime.version=1.8.0_202-b08
user.dir=C:\Users\user\Desktop\new pulls
os.name=Windows 10
os.arch=amd64
os.version=10.0
derby.system.home=null
Database Class Loader started - derby.database.classpath=''
----------------------------------------------------------------
Sat Apr 29 07:55:41 CEST 2023:
Booting Derby version The Apache Software Foundation - Apache Derby - 10.14.2.0 - (1828579): instance 438ee0b3-0187-cb94-31c4-00000d50f118 
on database directory memory:C:\Users\user\Desktop\new pulls\ee948808-2b28-4284-b960-1d69a566bf53 with class loader sun.misc.Launcher$AppClassLoader@18b4aac2 
Loaded from file:/C:/Users/user/.m2/repository/org/apache/derby/derby/10.14.2.0/derby-10.14.2.0.jar
java.vendor=Oracle Corporation
java.runtime.version=1.8.0_202-b08
user.dir=C:\Users\user\Desktop\new pulls
os.name=Windows 10
os.arch=amd64
os.version=10.0
derby.system.home=null
Database Class Loader started - derby.database.classpath=''
----------------------------------------------------------------
Sat Apr 29 07:55:42 CEST 2023:
Booting Derby version The Apache Software Foundation - Apache Derby - 10.14.2.0 - (1828579): instance b932a27c-0187-cb94-31c4-00000d50f118 
on database directory memory:C:\Users\user\Desktop\new pulls\ca4eeb35-50fa-4596-a67d-c87ff6d84954 with class loader sun.misc.Launcher$AppClassLoader@18b4aac2 
Loaded from file:/C:/Users/user/.m2/repository/org/apache/derby/derby/10.14.2.0/derby-10.14.2.0.jar
java.vendor=Oracle Corporation
java.runtime.version=1.8.0_202-b08
user.dir=C:\Users\user\Desktop\new pulls
os.name=Windows 10
os.arch=amd64
os.version=10.0
derby.system.home=null
Database Class Loader started - derby.database.classpath=''
----------------------------------------------------------------
Sat Apr 29 07:55:45 CEST 2023:
Booting Derby version The Apache Software Foundation - Apache Derby - 10.14.2.0 - (1828579): instance 4876646f-0187-cb94-31c4-00000d50f118 
on database directory memory:C:\Users\user\Desktop\new pulls\a41bae90-72c6-40c7-b9f3-fe67e47badcd with class loader sun.misc.Launcher$AppClassLoader@18b4aac2 
Loaded from file:/C:/Users/user/.m2/repository/org/apache/derby/derby/10.14.2.0/derby-10.14.2.0.jar
java.vendor=Oracle Corporation
java.runtime.version=1.8.0_202-b08
user.dir=C:\Users\user\Desktop\new pulls
os.name=Windows 10
os.arch=amd64
os.version=10.0
derby.system.home=null
Database Class Loader started - derby.database.classpath=''
----------------------------------------------------------------
Sat Apr 29 07:55:47 CEST 2023:
Booting Derby version The Apache Software Foundation - Apache Derby - 10.14.2.0 - (1828579): instance f4a7a654-0187-cb94-31c4-00000d50f118 
on database directory memory:C:\Users\user\Desktop\new pulls\b42d9d8c-f3c1-4ee8-9352-1414d85ad7c9 with class loader sun.misc.Launcher$AppClassLoader@18b4aac2 
Loaded from file:/C:/Users/user/.m2/repository/org/apache/derby/derby/10.14.2.0/derby-10.14.2.0.jar
java.vendor=Oracle Corporation
java.runtime.version=1.8.0_202-b08
user.dir=C:\Users\user\Desktop\new pulls
os.name=Windows 10
os.arch=amd64
os.version=10.0
derby.system.home=null
Database Class Loader started - derby.database.classpath=''
----------------------------------------------------------------
Sat Apr 29 07:55:48 CEST 2023:
Booting Derby version The Apache Software Foundation - Apache Derby - 10.14.2.0 - (1828579): instance dd65a81d-0187-cb94-31c4-00000d50f118 
on database directory memory:C:\Users\user\Desktop\new pulls\007e49ed-0dbc-45b7-9c7e-b67108f6e73a with class loader sun.misc.Launcher$AppClassLoader@18b4aac2 
Loaded from file:/C:/Users/user/.m2/repository/org/apache/derby/derby/10.14.2.0/derby-10.14.2.0.jar
java.vendor=Oracle Corporation
java.runtime.version=1.8.0_202-b08
user.dir=C:\Users\user\Desktop\new pulls
os.name=Windows 10
os.arch=amd64
os.version=10.0
derby.system.home=null
Database Class Loader started - derby.database.classpath=''
----------------------------------------------------------------
Sat Apr 29 07:55:50 CEST 2023:
Booting Derby version The Apache Software Foundation - Apache Derby - 10.14.2.0 - (1828579): instance 54d3a9f4-0187-cb94-31c4-00000d50f118 
on database directory memory:C:\Users\user\Desktop\new pulls\f53a8599-0838-4b2e-a8bc-ef44ad1290f6 with class loader sun.misc.Launcher$AppClassLoader@18b4aac2 
Loaded from file:/C:/Users/user/.m2/repository/org/apache/derby/derby/10.14.2.0/derby-10.14.2.0.jar
java.vendor=Oracle Corporation
java.runtime.version=1.8.0_202-b08
user.dir=C:\Users\user\Desktop\new pulls
os.name=Windows 10
os.arch=amd64
os.version=10.0
derby.system.home=null
Database Class Loader started - derby.database.classpath=''
----------------------------------------------------------------
Sat Apr 29 07:55:51 CEST 2023:
Booting Derby version The Apache Software Foundation - Apache Derby - 10.14.2.0 - (1828579): instance dbb9abbd-0187-cb94-31c4-00000d50f118 
on database directory memory:C:\Users\user\Desktop\new pulls\26d552e6-8a1b-43e2-b006-bb5e7343750a with class loader sun.misc.Launcher$AppClassLoader@18b4aac2 
Loaded from file:/C:/Users/user/.m2/repository/org/apache/derby/derby/10.14.2.0/derby-10.14.2.0.jar
java.vendor=Oracle Corporation
java.runtime.version=1.8.0_202-b08
user.dir=C:\Users\user\Desktop\new pulls
os.name=Windows 10
os.arch=amd64
os.version=10.0
derby.system.home=null
Database Class Loader started - derby.database.classpath=''
----------------------------------------------------------------
Sat Apr 29 07:55:53 CEST 2023:
Booting Derby version The Apache Software Foundation - Apache Derby - 10.14.2.0 - (1828579): instance defb2d99-0187-cb94-31c4-00000d50f118 
on database directory memory:C:\Users\user\Desktop\new pulls\4210d91f-0867-4833-b6c5-218768943f4d with class loader sun.misc.Launcher$AppClassLoader@18b4aac2 
Loaded from file:/C:/Users/user/.m2/repository/org/apache/derby/derby/10.14.2.0/derby-10.14.2.0.jar
java.vendor=Oracle Corporation
java.runtime.version=1.8.0_202-b08
user.dir=C:\Users\user\Desktop\new pulls
os.name=Windows 10
os.arch=amd64
os.version=10.0
derby.system.home=null
Database Class Loader started - derby.database.classpath=''
----------------------------------------------------------------
Sat Apr 29 07:55:54 CEST 2023:
Booting Derby version The Apache Software Foundation - Apache Derby - 10.14.2.0 - (1828579): instance 3c322f70-0187-cb94-31c4-00000d50f118 
on database directory memory:C:\Users\user\Desktop\new pulls\b7ddd06a-0bcb-420e-9c2f-2dadb24737a3 with class loader sun.misc.Launcher$AppClassLoader@18b4aac2 
Loaded from file:/C:/Users/user/.m2/repository/org/apache/derby/derby/10.14.2.0/derby-10.14.2.0.jar
java.vendor=Oracle Corporation
java.runtime.version=1.8.0_202-b08
user.dir=C:\Users\user\Desktop\new pulls
os.name=Windows 10
os.arch=amd64
os.version=10.0
derby.system.home=null
Database Class Loader started - derby.database.classpath=''
----------------------------------------------------------------
Sat Apr 29 07:55:56 CEST 2023:
Booting Derby version The Apache Software Foundation - Apache Derby - 10.14.2.0 - (1828579): instance d5af3139-0187-cb94-31c4-00000d50f118 
on database directory memory:C:\Users\user\Desktop\new pulls\65b98c3b-3760-4af9-85a7-5ab8cf164c53 with class loader sun.misc.Launcher$AppClassLoader@18b4aac2 
Loaded from file:/C:/Users/user/.m2/repository/org/apache/derby/derby/10.14.2.0/derby-10.14.2.0.jar
java.vendor=Oracle Corporation
java.runtime.version=1.8.0_202-b08
user.dir=C:\Users\user\Desktop\new pulls
os.name=Windows 10
os.arch=amd64
os.version=10.0
derby.system.home=null
Database Class Loader started - derby.database.classpath=''
----------------------------------------------------------------
Sat Apr 29 07:55:57 CEST 2023:
Booting Derby version The Apache Software Foundation - Apache Derby - 10.14.2.0 - (1828579): instance bb207302-0187-cb94-31c4-00000d50f118 
on database directory memory:C:\Users\user\Desktop\new pulls\c86f754f-ffd9-4618-95d3-664aed68d4ef with class loader sun.misc.Launcher$AppClassLoader@18b4aac2 
Loaded from file:/C:/Users/user/.m2/repository/org/apache/derby/derby/10.14.2.0/derby-10.14.2.0.jar
java.vendor=Oracle Corporation
java.runtime.version=1.8.0_202-b08
user.dir=C:\Users\user\Desktop\new pulls
os.name=Windows 10
os.arch=amd64
os.version=10.0
derby.system.home=null
Database Class Loader started - derby.database.classpath=''
----------------------------------------------------------------
Sat Apr 29 07:55:59 CEST 2023:
Booting Derby version The Apache Software Foundation - Apache Derby - 10.14.2.0 - (1828579): instance daf774d7-0187-cb94-31c4-00000d50f118 
on database directory memory:C:\Users\user\Desktop\new pulls\33d97842-ac9f-4b6c-afab-6a9f7ca03dee with class loader sun.misc.Launcher$AppClassLoader@18b4aac2 
Loaded from file:/C:/Users/user/.m2/repository/org/apache/derby/derby/10.14.2.0/derby-10.14.2.0.jar
java.vendor=Oracle Corporation
java.runtime.version=1.8.0_202-b08
user.dir=C:\Users\user\Desktop\new pulls
os.name=Windows 10
os.arch=amd64
os.version=10.0
derby.system.home=null
Database Class Loader started - derby.database.classpath=''
----------------------------------------------------------------
Sat Apr 29 07:56:00 CEST 2023:
Booting Derby version The Apache Software Foundation - Apache Derby - 10.14.2.0 - (1828579): instance 6dac36a0-0187-cb94-31c4-00000d50f118 
on database directory memory:C:\Users\user\Desktop\new pulls\1343d92f-1864-460f-a05f-358bdafda25a with class loader sun.misc.Launcher$AppClassLoader@18b4aac2 
Loaded from file:/C:/Users/user/.m2/repository/org/apache/derby/derby/10.14.2.0/derby-10.14.2.0.jar
java.vendor=Oracle Corporation
java.runtime.version=1.8.0_202-b08
user.dir=C:\Users\user\Desktop\new pulls
os.name=Windows 10
os.arch=amd64
os.version=10.0
derby.system.home=null
Database Class Loader started - derby.database.classpath=''
----------------------------------------------------------------
Sat Apr 29 07:56:03 CEST 2023:
Booting Derby version The Apache Software Foundation - Apache Derby - 10.14.2.0 - (1828579): instance 61db7877-0187-cb94-31c4-00000d50f118 
on database directory memory:C:\Users\user\Desktop\new pulls\92e22867-5484-452a-8442-64908118d922 with class loader sun.misc.Launcher$AppClassLoader@18b4aac2 
Loaded from file:/C:/Users/user/.m2/repository/org/apache/derby/derby/10.14.2.0/derby-10.14.2.0.jar
java.vendor=Oracle Corporation
java.runtime.version=1.8.0_202-b08
user.dir=C:\Users\user\Desktop\new pulls
os.name=Windows 10
os.arch=amd64
os.version=10.0
derby.system.home=null
Database Class Loader started - derby.database.classpath=''
----------------------------------------------------------------
Sat Apr 29 07:56:04 CEST 2023:
Booting Derby version The Apache Software Foundation - Apache Derby - 10.14.2.0 - (1828579): instance 92b83a40-0187-cb94-31c4-00000d50f118 
on database directory memory:C:\Users\user\Desktop\new pulls\a3a40c28-6758-461b-b23f-88d9720e3307 with class loader sun.misc.Launcher$AppClassLoader@18b4aac2 
Loaded from file:/C:/Users/user/.m2/repository/org/apache/derby/derby/10.14.2.0/derby-10.14.2.0.jar
java.vendor=Oracle Corporation
java.runtime.version=1.8.0_202-b08
user.dir=C:\Users\user\Desktop\new pulls
os.name=Windows 10
os.arch=amd64
os.version=10.0
derby.system.home=null
Database Class Loader started - derby.database.classpath=''
----------------------------------------------------------------
Sat Apr 29 07:56:06 CEST 2023:
Booting Derby version The Apache Software Foundation - Apache Derby - 10.14.2.0 - (1828579): instance eddc7c5f-0187-cb94-31c4-00000d50f118 
on database directory memory:C:\Users\user\Desktop\new pulls\5086cce3-ba3d-469d-b33f-1ddadb702755 with class loader sun.misc.Launcher$AppClassLoader@18b4aac2 
Loaded from file:/C:/Users/user/.m2/repository/org/apache/derby/derby/10.14.2.0/derby-10.14.2.0.jar
java.vendor=Oracle Corporation
java.runtime.version=1.8.0_202-b08
user.dir=C:\Users\user\Desktop\new pulls
os.name=Windows 10
os.arch=amd64
os.version=10.0
derby.system.home=null
Database Class Loader started - derby.database.classpath=''
----------------------------------------------------------------
Sat Apr 29 07:56:07 CEST 2023:
Booting Derby version The Apache Software Foundation - Apache Derby - 10.14.2.0 - (1828579): instance 48f0fe7e-0187-cb94-31c4-00000d50f118 
on database directory memory:C:\Users\user\Desktop\new pulls\074f6d1f-55f0-40c5-ac16-3a1001c528c6 with class loader sun.misc.Launcher$AppClassLoader@18b4aac2 
Loaded from file:/C:/Users/user/.m2/repository/org/apache/derby/derby/10.14.2.0/derby-10.14.2.0.jar
java.vendor=Oracle Corporation
java.runtime.version=1.8.0_202-b08
user.dir=C:\Users\user\Desktop\new pulls
os.name=Windows 10
os.arch=amd64
os.version=10.0
derby.system.home=null
Database Class Loader started - derby.database.classpath=''
----------------------------------------------------------------
Sat Apr 29 07:56:09 CEST 2023:
Booting Derby version The Apache Software Foundation - Apache Derby - 10.14.2.0 - (1828579): instance 93f5c09d-0187-cb94-31c4-00000d50f118 
on database directory memory:C:\Users\user\Desktop\new pulls\0bfdcc0a-77d2-4538-ba9a-dad6e496a7b2 with class loader sun.misc.Launcher$AppClassLoader@18b4aac2 
Loaded from file:/C:/Users/user/.m2/repository/org/apache/derby/derby/10.14.2.0/derby-10.14.2.0.jar
java.vendor=Oracle Corporation
java.runtime.version=1.8.0_202-b08
user.dir=C:\Users\user\Desktop\new pulls
os.name=Windows 10
os.arch=amd64
os.version=10.0
derby.system.home=null
Database Class Loader started - derby.database.classpath=''
----------------------------------------------------------------
Sat Apr 29 07:56:10 CEST 2023:
Booting Derby version The Apache Software Foundation - Apache Derby - 10.14.2.0 - (1828579): instance beeac2bc-0187-cb94-31c4-00000d50f118 
on database directory memory:C:\Users\user\Desktop\new pulls\872d44b8-b6e1-4e5b-b72c-6bf0215df255 with class loader sun.misc.Launcher$AppClassLoader@18b4aac2 
Loaded from file:/C:/Users/user/.m2/repository/org/apache/derby/derby/10.14.2.0/derby-10.14.2.0.jar
java.vendor=Oracle Corporation
java.runtime.version=1.8.0_202-b08
user.dir=C:\Users\user\Desktop\new pulls
os.name=Windows 10
os.arch=amd64
os.version=10.0
derby.system.home=null
Database Class Loader started - derby.database.classpath=''
----------------------------------------------------------------
Sat Apr 29 07:56:11 CEST 2023:
Booting Derby version The Apache Software Foundation - Apache Derby - 10.14.2.0 - (1828579): instance b9d004db-0187-cb94-31c4-00000d50f118 
on database directory memory:C:\Users\user\Desktop\new pulls\83678b38-676d-49e3-8739-188772c33635 with class loader sun.misc.Launcher$AppClassLoader@18b4aac2 
Loaded from file:/C:/Users/user/.m2/repository/org/apache/derby/derby/10.14.2.0/derby-10.14.2.0.jar
java.vendor=Oracle Corporation
java.runtime.version=1.8.0_202-b08
user.dir=C:\Users\user\Desktop\new pulls
os.name=Windows 10
os.arch=amd64
os.version=10.0
derby.system.home=null
Database Class Loader started - derby.database.classpath=''
----------------------------------------------------------------
Sat Apr 29 07:56:13 CEST 2023:
Booting Derby version The Apache Software Foundation - Apache Derby - 10.14.2.0 - (1828579): instance 74a586fa-0187-cb94-31c4-00000d50f118 
on database directory memory:C:\Users\user\Desktop\new pulls\b462df37-314c-4f9e-966b-faf32df63707 with class loader sun.misc.Launcher$AppClassLoader@18b4aac2 
Loaded from file:/C:/Users/user/.m2/repository/org/apache/derby/derby/10.14.2.0/derby-10.14.2.0.jar
java.vendor=Oracle Corporation
java.runtime.version=1.8.0_202-b08
user.dir=C:\Users\user\Desktop\new pulls
os.name=Windows 10
os.arch=amd64
os.version=10.0
derby.system.home=null
Database Class Loader started - derby.database.classpath=''
